<?xml version="1.0" encoding="UTF-8"?>
<!-- Generated by org.testng.reporters.JUnitReportReporter -->
<testsuite hostname="DESKTOP-04AG9FN" failures="0" tests="1" name="testCases.TC007_CheckingOrderHistory" time="9.178" errors="0" timestamp="2025-04-29T17:43:24 IST" skipped="0">
  <testcase classname="testCases.TC007_CheckingOrderHistory" name="CheckOrderHistory" time="9.178"/>
  <system-out/>
</testsuite> <!-- testCases.TC007_CheckingOrderHistory -->
