<?xml version="1.0" encoding="UTF-8"?>
<!-- Generated by org.testng.reporters.JUnitReportReporter -->
<testsuite hostname="DESKTOP-04AG9FN" failures="0" tests="4" name="testCases.TC010_LoginDDTest" time="21.428" errors="0" timestamp="2025-03-23T18:37:54 IST" skipped="0">
  <testcase classname="testCases.TC010_LoginDDTest" name="Verify_loginDDT" time="3.084"/>
  <system-out/>
  <testcase classname="testCases.TC010_LoginDDTest" name="Verify_loginDDT" time="2.629"/>
  <system-out/>
  <testcase classname="testCases.TC010_LoginDDTest" name="Verify_loginDDT" time="3.268"/>
  <system-out/>
  <testcase classname="testCases.TC010_LoginDDTest" name="Verify_loginDDT" time="12.447"/>
  <system-out/>
</testsuite> <!-- testCases.TC010_LoginDDTest -->
