<?xml version="1.0" encoding="UTF-8"?>
<!-- Generated by org.testng.reporters.JUnitReportReporter -->
<testsuite hostname="DESKTOP-04AG9FN" failures="0" tests="1" name="testCases.TC007_CheckingOrderHistory" time="8.575" errors="0" timestamp="2025-03-23T18:37:54 IST" skipped="0">
  <testcase classname="testCases.TC007_CheckingOrderHistory" name="CheckOrderHistory" time="8.575"/>
  <system-out/>
</testsuite> <!-- testCases.TC007_CheckingOrderHistory -->
