<?xml version="1.0" encoding="UTF-8"?>
<!-- Generated by org.testng.reporters.JUnitReportReporter -->
<testsuite hostname="DESKTOP-04AG9FN" failures="0" tests="1" name="testCases.TC006_CheckOutProcess" time="17.758" errors="0" timestamp="2025-03-09T18:50:11 IST" skipped="0">
  <testcase classname="testCases.TC006_CheckOutProcess" name="CheckOutProductInCart" time="17.758"/>
  <system-out/>
</testsuite> <!-- testCases.TC006_CheckOutProcess -->
