<?xml version="1.0" encoding="UTF-8"?>
<!-- Generated by org.testng.reporters.JUnitReportReporter -->
<testsuite hostname="DESKTOP-04AG9FN" failures="0" tests="1" name="testBase.TC001_AccountRegistrationTest" time="2.650" errors="0" timestamp="2024-09-01T15:00:13 IST" skipped="0">
  <testcase classname="testBase.TC001_AccountRegistrationTest" name="verify_account_registration" time="2.650"/>
  <system-out/>
</testsuite> <!-- testBase.TC001_AccountRegistrationTest -->
