<?xml version="1.0" encoding="UTF-8"?>
<!-- Generated by org.testng.reporters.JUnitReportReporter -->
<testsuite hostname="DESKTOP-04AG9FN" failures="0" tests="4" name="testCases.TC010_LoginDDTest" time="20.744" errors="0" timestamp="2025-03-09T18:50:11 IST" skipped="0">
  <testcase classname="testCases.TC010_LoginDDTest" name="Verify_loginDDT" time="2.614"/>
  <system-out/>
  <testcase classname="testCases.TC010_LoginDDTest" name="Verify_loginDDT" time="2.888"/>
  <system-out/>
  <testcase classname="testCases.TC010_LoginDDTest" name="Verify_loginDDT" time="12.028"/>
  <system-out/>
  <testcase classname="testCases.TC010_LoginDDTest" name="Verify_loginDDT" time="3.214"/>
  <system-out/>
</testsuite> <!-- testCases.TC010_LoginDDTest -->
