<?xml version="1.0" encoding="UTF-8"?>
<!-- Generated by org.testng.reporters.JUnitReportReporter -->
<testsuite hostname="DESKTOP-04AG9FN" failures="0" tests="1" name="testCases.TC009_OrderProduct_EndToEnd_testcase" time="28.232" errors="0" timestamp="2025-03-23T18:39:18 IST" skipped="0">
  <testcase classname="testCases.TC009_OrderProduct_EndToEnd_testcase" name="verify_account_registration" time="28.232"/>
  <system-out/>
</testsuite> <!-- testCases.TC009_OrderProduct_EndToEnd_testcase -->
