<?xml version="1.0" encoding="UTF-8"?>
<!-- Generated by org.testng.reporters.JUnitReportReporter -->
<testsuite hostname="DESKTOP-04AG9FN" failures="0" tests="1" name="testCases.TC005_ViewShoppingCart" time="8.187" errors="0" timestamp="2025-04-29T17:43:24 IST" skipped="0">
  <testcase classname="testCases.TC005_ViewShoppingCart" name="ViewCart" time="8.187"/>
  <system-out/>
</testsuite> <!-- testCases.TC005_ViewShoppingCart -->
