<?xml version="1.0" encoding="UTF-8"?>
<!-- Generated by org.testng.reporters.JUnitReportReporter -->
<testsuite hostname="DESKTOP-04AG9FN" failures="0" tests="1" name="testCases.TC004_AddtoCartTest" time="4.520" errors="0" timestamp="2025-03-23T18:37:54 IST" skipped="0">
  <testcase classname="testCases.TC004_AddtoCartTest" name="addToCart" time="4.520"/>
  <system-out/>
</testsuite> <!-- testCases.TC004_AddtoCartTest -->
