<?xml version="1.0" encoding="UTF-8"?>
<!-- Generated by org.testng.reporters.JUnitReportReporter -->
<testsuite hostname="DESKTOP-04AG9FN" failures="0" tests="1" name="testCases.TC001_AccountRegistrationTest" time="5.283" errors="0" timestamp="2025-03-09T19:48:24 IST" skipped="0">
  <testcase classname="testCases.TC001_AccountRegistrationTest" name="verify_account_registration" time="5.283"/>
  <system-out/>
</testsuite> <!-- testCases.TC001_AccountRegistrationTest -->
