<?xml version="1.0" encoding="UTF-8"?>
<!-- Generated by org.testng.reporters.JUnitReportReporter -->
<testsuite hostname="DESKTOP-04AG9FN" failures="0" tests="1" name="testCases.TC008_CheckUserLogout" time="11.138" errors="0" timestamp="2025-03-09T19:48:24 IST" skipped="0">
  <testcase classname="testCases.TC008_CheckUserLogout" name="CheckUserLogout" time="11.138"/>
  <system-out/>
</testsuite> <!-- testCases.TC008_CheckUserLogout -->
