<?xml version="1.0" encoding="UTF-8"?>
<!-- Generated by org.testng.reporters.JUnitReportReporter -->
<testsuite hostname="DESKTOP-04AG9FN" failures="0" tests="4" name="testCases.TC010_LoginDDTest" time="20.951" errors="0" timestamp="2025-03-09T19:48:24 IST" skipped="0">
  <testcase classname="testCases.TC010_LoginDDTest" name="Verify_loginDDT" time="2.856"/>
  <system-out/>
  <testcase classname="testCases.TC010_LoginDDTest" name="Verify_loginDDT" time="3.114"/>
  <system-out/>
  <testcase classname="testCases.TC010_LoginDDTest" name="Verify_loginDDT" time="2.885"/>
  <system-out/>
  <testcase classname="testCases.TC010_LoginDDTest" name="Verify_loginDDT" time="12.096"/>
  <system-out/>
</testsuite> <!-- testCases.TC010_LoginDDTest -->
