<?xml version="1.0" encoding="UTF-8"?>
<!-- Generated by org.testng.reporters.JUnitReportReporter -->
<testsuite hostname="DESKTOP-04AG9FN" failures="0" tests="1" name="testCases.TC003_SearchItemTest" time="4.187" errors="0" timestamp="2025-03-09T19:48:24 IST" skipped="0">
  <testcase classname="testCases.TC003_SearchItemTest" name="SearchItem" time="4.187"/>
  <system-out/>
</testsuite> <!-- testCases.TC003_SearchItemTest -->
